********************************************************************************
product = Open Liberty 20.0.0.12 (wlp-1.0.47.cl201220201111-0736)
wlp.install.dir = /home/naveen/mine/java-projects/ol-research/target/liberty/wlp/
java.home = /usr/lib/java/jdk-15.0.1
java.version = 15.0.1
java.runtime = OpenJDK Runtime Environment (15.0.1+9-18)
os = Linux (5.4.0-58-generic; amd64) (en_US)
process = 5664@naveen-hp
********************************************************************************
[12/27/20, 16:45:05:330 MST] 00000001 com.ibm.ws.kernel.launch.internal.FrameworkManager           A CWWKE0001I: The server defaultServer has been launched.
[12/27/20, 16:45:06:196 MST] 00000001 com.ibm.ws.kernel.launch.internal.FrameworkManager           I CWWKE0002I: The kernel started after 1.085 seconds
[12/27/20, 16:45:06:214 MST] 00000022 com.ibm.ws.kernel.feature.internal.FeatureManager            I CWWKF0007I: Feature update started.
[12/27/20, 16:45:06:900 MST] 00000022 com.ibm.ws.config.xml.internal.ConfigUpdater                 E CWWKG0075E: The value ${default.http.port} is not valid for attribute httpPort of configuration element httpEndpoint. The validation message was: Value "${default.http.port}" is not a number..
[12/27/20, 16:45:06:961 MST] 00000018 g.apache.cxf.cxf.core.3.2:1.0.47.cl201220201111-0736(id=90)] I Aries Blueprint packages not available. So namespaces will not be registered
[12/27/20, 16:45:07:079 MST] 00000017 com.ibm.ws.app.manager.internal.monitor.DropinMonitor        A CWWKZ0058I: Monitoring dropins for applications.
[12/27/20, 16:45:07:408 MST] 0000002a com.ibm.ws.app.manager.AppMessageHelper                      I CWWKZ0018I: Starting application rest.
[12/27/20, 16:45:07:409 MST] 0000002a bm.ws.app.manager.war.internal.WARDeployedAppInfoFactoryImpl I CWWKZ0134I: The rest application is using the loose application definition at the /home/naveen/mine/java-projects/ol-research/target/liberty/wlp/usr/servers/defaultServer/apps/rest.war.xml location.
[12/27/20, 16:45:07:700 MST] 0000002a com.ibm.ws.session.WASSessionCore                            I SESN8501I: The session manager did not find a persistent storage location; HttpSession objects will be stored in the local application server's memory.
[12/27/20, 16:45:07:706 MST] 0000002a com.ibm.ws.webcontainer.osgi.webapp.WebGroup                 I SRVE0169I: Loading Web Module: Liberty Project.
[12/27/20, 16:45:07:709 MST] 0000002a com.ibm.ws.webcontainer                                      I SRVE0250I: Web Module Liberty Project has been bound to default_host.
[12/27/20, 16:45:07:755 MST] 0000002f com.ibm.ws.session.WASSessionCore                            I SESN0176I: A new session context will be created for application key default_host/${app.context.root}
[12/27/20, 16:45:07:767 MST] 0000002f com.ibm.ws.util                                              I SESN0172I: The session manager is using the Java default SecureRandom implementation for session ID generation.
[12/27/20, 16:45:07:813 MST] 0000002f com.ibm.ws.app.manager.AppMessageHelper                      A CWWKZ0001I: Application rest started in 0.405 seconds.
[12/27/20, 16:45:07:851 MST] 00000022 com.ibm.ws.kernel.feature.internal.FeatureManager            A CWWKF0012I: The server installed the following features: [jaxrs-2.1, jaxrsClient-2.1, jsonp-1.1, servlet-4.0].
[12/27/20, 16:45:07:853 MST] 00000022 com.ibm.ws.kernel.feature.internal.FeatureManager            I CWWKF0008I: Feature update completed in 1.658 seconds.
[12/27/20, 16:45:07:853 MST] 00000022 com.ibm.ws.kernel.feature.internal.FeatureManager            A CWWKF0011I: The defaultServer server is ready to run a smarter planet. The defaultServer server started in 2.743 seconds.
[12/27/20, 16:45:07:990 MST] 00000030 com.ibm.ws.webcontainer.osgi.mbeans.PluginGenerator          I SRVE9103I: A configuration file for a web server plugin was automatically generated for this server at /home/naveen/mine/java-projects/ol-research/target/liberty/wlp/usr/servers/defaultServer/logs/state/plugin-cfg.xml.
[12/27/20, 16:45:16:617 MST] 00000013 com.ibm.ws.kernel.launch.internal.FrameworkManager           A CWWKE0085I: The server defaultServer is stopping because the JVM is exiting.
[12/27/20, 16:45:16:635 MST] 00000036 com.ibm.ws.runtime.update.internal.RuntimeUpdateManagerImpl  A CWWKE1100I: Waiting for up to 30 seconds for the server to quiesce.
[12/27/20, 16:45:16:639 MST] 00000036 com.ibm.ws.runtime.update.internal.RuntimeUpdateManagerImpl  I CWWKE1101I: Server quiesce complete.
[12/27/20, 16:45:16:742 MST] 00000030 com.ibm.ws.app.manager.AppMessageHelper                      A CWWKZ0009I: The application rest has stopped successfully.
[12/27/20, 16:45:16:890 MST] 00000014 com.ibm.ws.kernel.launch.internal.ServerCommandListener      A CWWKE0055I: Server shutdown requested on Sunday, December 27, 2020 at 4:45 PM. The server defaultServer is shutting down.
[12/27/20, 16:45:17:033 MST] 00000001 com.ibm.ws.kernel.launch.internal.FrameworkManager           A CWWKE0036I: The server defaultServer stopped after 11.922 seconds.
